<?xml version="1.0" encoding="UTF-8"?>
<!-- Generated by org.testng.reporters.JUnitXMLReporter -->
<testsuite hostname="bblpt1041" name="Test" tests="4" failures="2" timestamp="4 Jul 2018 04:08:21 GMT" time="8.068" errors="0">
  <testcase name="secondCase" time="6.683" classname="LearnAutomation.AutomationTest.MyTest"/>
  <testcase name="secondCase" time="6.703" classname="LearnAutomation.AutomationTest.MyTest">
    <failure type="java.lang.NullPointerException">
      <![CDATA[java.lang.NullPointerException
	at Core.TestInitializer.onTestSuccess(TestInitializer.java:61)
	at java.util.concurrent.ThreadPoolExecutor.runWorker(ThreadPoolExecutor.java:1149)
	at java.util.concurrent.ThreadPoolExecutor$Worker.run(ThreadPoolExecutor.java:624)
	at java.lang.Thread.run(Thread.java:748)
... Removed 7 stack frames]]>
    </failure>
  </testcase> <!-- secondCase -->
  <testcase name="firstCase" time="7.864" classname="LearnAutomation.AutomationTest.MyTest"/>
  <testcase name="firstCase" time="7.867" classname="LearnAutomation.AutomationTest.MyTest">
    <failure type="java.lang.NullPointerException">
      <![CDATA[java.lang.NullPointerException
	at Core.TestInitializer.onTestSuccess(TestInitializer.java:61)
	at java.util.concurrent.ThreadPoolExecutor.runWorker(ThreadPoolExecutor.java:1149)
	at java.util.concurrent.ThreadPoolExecutor$Worker.run(ThreadPoolExecutor.java:624)
	at java.lang.Thread.run(Thread.java:748)
... Removed 7 stack frames]]>
    </failure>
  </testcase> <!-- firstCase -->
</testsuite> <!-- Test -->
